Line 40: Class MSCommLib.MSComm of control MSComm1 was not a loaded control class.
Line 48: Class Crystal.CrystalReport of control Cr was not a loaded control class.
Line 76: Class MSComctlLib.ImageList of control ImageList1 was not a loaded control class.
Line 165: Class MSComctlLib.ListView of control ListView2 was not a loaded control class.
Line 213: Class MSDataGridLib.DataGrid of control DataGrid1 was not a loaded control class.
Line 489: Class MSComctlLib.ListView of control ListView1 was not a loaded control class.
Line 536: Class MSMask.MaskEdBox of control mb3 was not a loaded control class.
Line 549: Class MSMask.MaskEdBox of control MB2 was not a loaded control class.
Line 564: Class MSMask.MaskEdBox of control MB1 was not a loaded control class.
Line 677: Class MSMask.MaskEdBox of control mb4 was not a loaded control class.
Line 720: Class MSComCtl2.DTPicker of control DTPicker1 was not a loaded control class.
Line 754: Class MSAdodcLib.Adodc of control Adodc2 was not a loaded control class.
Line 801: Class MSAdodcLib.Adodc of control Adodc1 was not a loaded control class.
Line 43: The property name _ExtentX in MSComm1 is invalid.
Line 44: The property name _ExtentY in MSComm1 is invalid.
Line 45: The property name _Version in MSComm1 is invalid.
Line 46: The property name DTREnable in MSComm1 is invalid.
Line 51: The property name _ExtentX in Cr is invalid.
Line 52: The property name _ExtentY in Cr is invalid.
Line 53: The property name _Version in Cr is invalid.
Line 54: The property name PrintFileLinesPerPage in Cr is invalid.
Line 79: The property name _ExtentX in ImageList1 is invalid.
Line 80: The property name _ExtentY in ImageList1 is invalid.
Line 82: The property name MaskColor in ImageList1 is invalid.
Line 83: The property name _Version in ImageList1 is invalid.
Line 172: The property name _ExtentX in ListView2 is invalid.
Line 173: The property name _ExtentY in ListView2 is invalid.
Line 174: The property name View in ListView2 is invalid.
Line 175: The property name LabelWrap in ListView2 is invalid.
Line 176: The property name HideSelection in ListView2 is invalid.
Line 177: The property name _Version in ListView2 is invalid.
Line 182: The property name NumItems in ListView2 is invalid.
Line 186: The property name ColumnHeader(1) in ListView2 is invalid.
Line 191: The property name ColumnHeader(2) in ListView2 is invalid.
Line 196: The property name ColumnHeader(3) in ListView2 is invalid.
Line 201: The property name ColumnHeader(4) in ListView2 is invalid.
Line 206: The property name ColumnHeader(5) in ListView2 is invalid.
Line 211: The property name ColumnHeader(6) in ListView2 is invalid.
Line 214: The property name Bindings in DataGrid1 is invalid.
Line 220: The property name _ExtentX in DataGrid1 is invalid.
Line 221: The property name _ExtentY in DataGrid1 is invalid.
Line 222: The property name _Version in DataGrid1 is invalid.
Line 223: The property name AllowUpdate in DataGrid1 is invalid.
Line 224: The property name AllowArrows in DataGrid1 is invalid.
Line 229: The property name HeadLines in DataGrid1 is invalid.
Line 230: The property name RowHeight in DataGrid1 is invalid.
Line 231: The property name FormatLocked in DataGrid1 is invalid.
Line 240: The property name HeadFont in DataGrid1 is invalid.
Line 250: The property name ColumnCount in DataGrid1 is invalid.
Line 263: The property name Column00 in DataGrid1 is invalid.
Line 276: The property name Column01 in DataGrid1 is invalid.
Line 289: The property name Column02 in DataGrid1 is invalid.
Line 302: The property name Column03 in DataGrid1 is invalid.
Line 315: The property name Column04 in DataGrid1 is invalid.
Line 328: The property name Column05 in DataGrid1 is invalid.
Line 341: The property name Column06 in DataGrid1 is invalid.
Line 342: The property name SplitCount in DataGrid1 is invalid.
Line 361: The property name Split0 in DataGrid1 is invalid.
Line 495: The property name _ExtentX in ListView1 is invalid.
Line 496: The property name _ExtentY in ListView1 is invalid.
Line 497: The property name View in ListView1 is invalid.
Line 498: The property name LabelWrap in ListView1 is invalid.
Line 499: The property name HideSelection in ListView1 is invalid.
Line 500: The property name _Version in ListView1 is invalid.
Line 505: The property name NumItems in ListView1 is invalid.
Line 509: The property name ColumnHeader(1) in ListView1 is invalid.
Line 514: The property name ColumnHeader(2) in ListView1 is invalid.
Line 519: The property name ColumnHeader(3) in ListView1 is invalid.
Line 524: The property name ColumnHeader(4) in ListView1 is invalid.
Line 529: The property name ColumnHeader(5) in ListView1 is invalid.
Line 534: The property name ColumnHeader(6) in ListView1 is invalid.
Line 542: The property name _ExtentX in mb3 is invalid.
Line 543: The property name _ExtentY in mb3 is invalid.
Line 544: The property name _Version in mb3 is invalid.
Line 546: The property name Format in mb3 is invalid.
Line 547: The property name PromptChar in mb3 is invalid.
Line 556: The property name _ExtentX in MB2 is invalid.
Line 557: The property name _ExtentY in MB2 is invalid.
Line 558: The property name _Version in MB2 is invalid.
Line 561: The property name Format in MB2 is invalid.
Line 562: The property name PromptChar in MB2 is invalid.
Line 571: The property name _ExtentX in MB1 is invalid.
Line 572: The property name _ExtentY in MB1 is invalid.
Line 573: The property name _Version in MB1 is invalid.
Line 585: The property name Format in MB1 is invalid.
Line 586: The property name PromptChar in MB1 is invalid.
Line 683: The property name _ExtentX in mb4 is invalid.
Line 684: The property name _ExtentY in mb4 is invalid.
Line 685: The property name _Version in mb4 is invalid.
Line 698: The property name Format in mb4 is invalid.
Line 699: The property name PromptChar in mb4 is invalid.
Line 726: The property name _ExtentX in DTPicker1 is invalid.
Line 727: The property name _ExtentY in DTPicker1 is invalid.
Line 728: The property name _Version in DTPicker1 is invalid.
Line 739: The property name CalendarBackColor in DTPicker1 is invalid.
Line 740: The property name CustomFormat in DTPicker1 is invalid.
Line 741: The property name Format in DTPicker1 is invalid.
Line 742: The property name CurrentDate in DTPicker1 is invalid.
Line 760: The property name _ExtentX in Adodc2 is invalid.
Line 761: The property name _ExtentY in Adodc2 is invalid.
Line 762: The property name ConnectMode in Adodc2 is invalid.
Line 763: The property name CursorLocation in Adodc2 is invalid.
Line 764: The property name IsolationLevel in Adodc2 is invalid.
Line 765: The property name ConnectionTimeout in Adodc2 is invalid.
Line 766: The property name CommandTimeout in Adodc2 is invalid.
Line 767: The property name CursorType in Adodc2 is invalid.
Line 768: The property name LockType in Adodc2 is invalid.
Line 769: The property name CommandType in Adodc2 is invalid.
Line 770: The property name CursorOptions in Adodc2 is invalid.
Line 771: The property name CacheSize in Adodc2 is invalid.
Line 772: The property name MaxRecords in Adodc2 is invalid.
Line 773: The property name BOFAction in Adodc2 is invalid.
Line 774: The property name EOFAction in Adodc2 is invalid.
Line 775: The property name ConnectStringType in Adodc2 is invalid.
Line 779: The property name Orientation in Adodc2 is invalid.
Line 781: The property name Connect in Adodc2 is invalid.
Line 782: The property name OLEDBString in Adodc2 is invalid.
Line 783: The property name OLEDBFile in Adodc2 is invalid.
Line 784: The property name DataSourceName in Adodc2 is invalid.
Line 785: The property name OtherAttributes in Adodc2 is invalid.
Line 786: The property name UserName in Adodc2 is invalid.
Line 787: The property name Password in Adodc2 is invalid.
Line 788: The property name RecordSource in Adodc2 is invalid.
Line 789: The property name Caption in Adodc2 is invalid.
Line 799: The property name _Version in Adodc2 is invalid.
Line 807: The property name _ExtentX in Adodc1 is invalid.
Line 808: The property name _ExtentY in Adodc1 is invalid.
Line 809: The property name ConnectMode in Adodc1 is invalid.
Line 810: The property name CursorLocation in Adodc1 is invalid.
Line 811: The property name IsolationLevel in Adodc1 is invalid.
Line 812: The property name ConnectionTimeout in Adodc1 is invalid.
Line 813: The property name CommandTimeout in Adodc1 is invalid.
Line 814: The property name CursorType in Adodc1 is invalid.
Line 815: The property name LockType in Adodc1 is invalid.
Line 816: The property name CommandType in Adodc1 is invalid.
Line 817: The property name CursorOptions in Adodc1 is invalid.
Line 818: The property name CacheSize in Adodc1 is invalid.
Line 819: The property name MaxRecords in Adodc1 is invalid.
Line 820: The property name BOFAction in Adodc1 is invalid.
Line 821: The property name EOFAction in Adodc1 is invalid.
Line 822: The property name ConnectStringType in Adodc1 is invalid.
Line 826: The property name Orientation in Adodc1 is invalid.
Line 828: The property name Connect in Adodc1 is invalid.
Line 829: The property name OLEDBString in Adodc1 is invalid.
Line 830: The property name OLEDBFile in Adodc1 is invalid.
Line 831: The property name DataSourceName in Adodc1 is invalid.
Line 832: The property name OtherAttributes in Adodc1 is invalid.
Line 833: The property name UserName in Adodc1 is invalid.
Line 834: The property name Password in Adodc1 is invalid.
Line 835: The property name RecordSource in Adodc1 is invalid.
Line 836: The property name Caption in Adodc1 is invalid.
Line 846: The property name _Version in Adodc1 is invalid.
