Line 253: Class Crystal.CrystalReport of control cr was not a loaded control class.
Line 256: The property name _ExtentX in cr is invalid.
Line 257: The property name _ExtentY in cr is invalid.
Line 258: The property name _Version in cr is invalid.
Line 259: The property name WindowControlBox in cr is invalid.
Line 260: The property name WindowMaxButton in cr is invalid.
Line 261: The property name WindowMinButton in cr is invalid.
Line 262: The property name PrintFileLinesPerPage in cr is invalid.
Line 263: The property name WindowShowCloseBtn in cr is invalid.
Line 264: The property name WindowShowPrintSetupBtn in cr is invalid.
Line 265: The property name WindowShowRefreshBtn in cr is invalid.
Line 256: The property name _ExtentX in cr is invalid.
Line 257: The property name _ExtentY in cr is invalid.
Line 258: The property name _Version in cr is invalid.
Line 259: The property name WindowControlBox in cr is invalid.
Line 260: The property name WindowMaxButton in cr is invalid.
Line 261: The property name WindowMinButton in cr is invalid.
Line 262: The property name PrintFileLinesPerPage in cr is invalid.
Line 263: The property name WindowShowCloseBtn in cr is invalid.
Line 264: The property name WindowShowPrintSetupBtn in cr is invalid.
Line 265: The property name WindowShowRefreshBtn in cr is invalid.
